<?xml version="1.0" encoding="UTF-8"?>
<!-- Generated by org.testng.reporters.JUnitXMLReporter -->
<testsuite hostname="DESKTOP-R6RCSAI" name="FireFoxTest" tests="4" failures="4" timestamp="5 Jan 2021 10:08:23 GMT" time="62.636" errors="0">
  <testcase name="display" time="4.763" classname="Automation.Assignments.Registraion">
    <failure type="java.lang.AssertionError" message="expected:&amp;lt;Confirmation!&amp;gt; but was:&amp;lt;Register!&amp;gt;">
      <![CDATA[java.lang.AssertionError: expected:<Confirmation!> but was:<Register!>
	at Automation.Assignments.Registraion.display(Registraion.java:73)
	at java.util.concurrent.FutureTask.run(FutureTask.java:266)
	at java.util.concurrent.ThreadPoolExecutor.runWorker(ThreadPoolExecutor.java:1149)
	at java.util.concurrent.ThreadPoolExecutor$Worker.run(ThreadPoolExecutor.java:624)
	at java.lang.Thread.run(Thread.java:748)
... Removed 18 stack frames]]>
    </failure>
  </testcase> <!-- display -->
  <testcase name="display" time="2.861" classname="Automation.Assignments.Registraion">
    <failure type="java.lang.AssertionError" message="expected:&amp;lt;Confirmation!&amp;gt; but was:&amp;lt;Register!&amp;gt;">
      <![CDATA[java.lang.AssertionError: expected:<Confirmation!> but was:<Register!>
	at Automation.Assignments.Registraion.display(Registraion.java:73)
	at java.util.concurrent.FutureTask.run(FutureTask.java:266)
	at java.util.concurrent.ThreadPoolExecutor.runWorker(ThreadPoolExecutor.java:1149)
	at java.util.concurrent.ThreadPoolExecutor$Worker.run(ThreadPoolExecutor.java:624)
	at java.lang.Thread.run(Thread.java:748)
... Removed 18 stack frames]]>
    </failure>
  </testcase> <!-- display -->
  <testcase name="display" time="2.553" classname="Automation.Assignments.Registraion">
    <failure type="java.lang.AssertionError" message="expected:&amp;lt;Confirmation!&amp;gt; but was:&amp;lt;Register!&amp;gt;">
      <![CDATA[java.lang.AssertionError: expected:<Confirmation!> but was:<Register!>
	at Automation.Assignments.Registraion.display(Registraion.java:73)
	at java.util.concurrent.FutureTask.run(FutureTask.java:266)
	at java.util.concurrent.ThreadPoolExecutor.runWorker(ThreadPoolExecutor.java:1149)
	at java.util.concurrent.ThreadPoolExecutor$Worker.run(ThreadPoolExecutor.java:624)
	at java.lang.Thread.run(Thread.java:748)
... Removed 18 stack frames]]>
    </failure>
  </testcase> <!-- display -->
  <testcase name="display" time="2.272" classname="Automation.Assignments.Registraion">
    <failure type="java.lang.AssertionError" message="expected:&amp;lt;Confirmation!&amp;gt; but was:&amp;lt;Register!&amp;gt;">
      <![CDATA[java.lang.AssertionError: expected:<Confirmation!> but was:<Register!>
	at Automation.Assignments.Registraion.display(Registraion.java:73)
	at java.util.concurrent.FutureTask.run(FutureTask.java:266)
	at java.util.concurrent.ThreadPoolExecutor.runWorker(ThreadPoolExecutor.java:1149)
	at java.util.concurrent.ThreadPoolExecutor$Worker.run(ThreadPoolExecutor.java:624)
	at java.lang.Thread.run(Thread.java:748)
... Removed 18 stack frames]]>
    </failure>
  </testcase> <!-- display -->
</testsuite> <!-- FireFoxTest -->
