<?xml version="1.0" encoding="UTF-8"?>
<!-- Generated by org.testng.reporters.JUnitXMLReporter -->
<testsuite hostname="DESKTOP-R6RCSAI" name="Test" tests="4" failures="0" timestamp="22 Dec 2020 12:01:16 GMT" time="0.183" errors="0">
  <testcase name="@BeforeMethod beforeM" time="0.0" classname="Automation.Assignments.Registraion">
    <failure type="org.testng.TestNGException" message="
Parameter &amp;apos;browser&amp;apos; is required by @Configuration on method beforeM but has not been marked @Optional or defined
in E:\Document\BNFS\New folder\Assignments\Report.xml">
      <![CDATA[org.testng.TestNGException: 
Parameter 'browser' is required by @Configuration on method beforeM but has not been marked @Optional or defined
in E:\Document\BNFS\New folder\Assignments\Report.xml
... Removed 23 stack frames]]>
    </failure>
  </testcase> <!-- @BeforeMethod beforeM -->
  <testcase name="@AfterMethod after" time="0.0" classname="Automation.Assignments.Registraion">
    <skipped/>
  </testcase> <!-- @AfterMethod after -->
  <testcase name="@BeforeMethod beforeM" time="0.0" classname="Automation.Assignments.Registraion">
    <skipped/>
  </testcase> <!-- @BeforeMethod beforeM -->
  <testcase name="@AfterMethod after" time="0.0" classname="Automation.Assignments.Registraion">
    <skipped/>
  </testcase> <!-- @AfterMethod after -->
  <testcase name="@BeforeMethod beforeM" time="0.0" classname="Automation.Assignments.Registraion">
    <skipped/>
  </testcase> <!-- @BeforeMethod beforeM -->
  <testcase name="@AfterMethod after" time="0.0" classname="Automation.Assignments.Registraion">
    <skipped/>
  </testcase> <!-- @AfterMethod after -->
  <testcase name="@BeforeMethod beforeM" time="0.0" classname="Automation.Assignments.Registraion">
    <skipped/>
  </testcase> <!-- @BeforeMethod beforeM -->
  <testcase name="@AfterMethod after" time="0.0" classname="Automation.Assignments.Registraion">
    <skipped/>
  </testcase> <!-- @AfterMethod after -->
  <testcase name="display" time="0.017" classname="Automation.Assignments.Registraion">
    <skipped/>
  </testcase> <!-- display -->
  <testcase name="display" time="0.003" classname="Automation.Assignments.Registraion">
    <skipped/>
  </testcase> <!-- display -->
  <testcase name="display" time="0.025" classname="Automation.Assignments.Registraion">
    <skipped/>
  </testcase> <!-- display -->
  <testcase name="display" time="0.004" classname="Automation.Assignments.Registraion">
    <skipped/>
  </testcase> <!-- display -->
</testsuite> <!-- Test -->
