<?xml version="1.0" encoding="UTF-8"?>
<!-- Generated by org.testng.reporters.JUnitXMLReporter -->
<testsuite hostname="DESKTOP-R6RCSAI" name="FireFoxTest" tests="4" failures="0" timestamp="5 Jan 2021 11:34:50 GMT" time="72.298" errors="0">
  <testcase name="@AfterMethod after" time="0.0" classname="Automation.Assignments.Registraion">
    <failure type="org.openqa.selenium.SessionNotCreatedException" message="Tried to run command without establishing a connection
Build info: version: &amp;apos;3.141.59&amp;apos;, revision: &amp;apos;e82be7d358&amp;apos;, time: &amp;apos;2018-11-14T08:17:03&amp;apos;
System info: host: &amp;apos;DESKTOP-R6RCSAI&amp;apos;, ip: &amp;apos;192.168.43.54&amp;apos;, os.name: &amp;apos;Windows 10&amp;apos;, os.arch: &amp;apos;amd64&amp;apos;, os.version: &amp;apos;10.0&amp;apos;, java.version: &amp;apos;1.8.0_181&amp;apos;
Driver info: org.openqa.selenium.firefox.FirefoxDriver
Capabilities {acceptInsecureCerts: true, browserName: firefox, browserVersion: 84.0.1, capabilities: {desiredCapabilities: {acceptInsecureCerts: true, browserName: firefox}}, javascriptEnabled: true, moz:accessibilityChecks: false, moz:buildID: 20201221152838, moz:headless: false, moz:processID: 8196, moz:profile: C:\Users\DELL\AppData\Local..., moz:shutdownTimeout: 60000, moz:useNonSpecCompliantPointerOrigin: false, moz:webdriverClick: true, pageLoadStrategy: normal, platform: WINDOWS, platformName: WINDOWS, platformVersion: 10.0, rotatable: false, setWindowRect: true, strictFileInteractability: false, timeouts: {implicit: 0, pageLoad: 300000, script: 30000}, unhandledPromptBehavior: dismiss and notify}
Session ID: 44b883e2-1222-4e99-9eaa-6d44e82704d0">
      <![CDATA[org.openqa.selenium.SessionNotCreatedException: Tried to run command without establishing a connection
Build info: version: '3.141.59', revision: 'e82be7d358', time: '2018-11-14T08:17:03'
System info: host: 'DESKTOP-R6RCSAI', ip: '192.168.43.54', os.name: 'Windows 10', os.arch: 'amd64', os.version: '10.0', java.version: '1.8.0_181'
Driver info: org.openqa.selenium.firefox.FirefoxDriver
Capabilities {acceptInsecureCerts: true, browserName: firefox, browserVersion: 84.0.1, capabilities: {desiredCapabilities: {acceptInsecureCerts: true, browserName: firefox}}, javascriptEnabled: true, moz:accessibilityChecks: false, moz:buildID: 20201221152838, moz:headless: false, moz:processID: 8196, moz:profile: C:\Users\DELL\AppData\Local..., moz:shutdownTimeout: 60000, moz:useNonSpecCompliantPointerOrigin: false, moz:webdriverClick: true, pageLoadStrategy: normal, platform: WINDOWS, platformName: WINDOWS, platformVersion: 10.0, rotatable: false, setWindowRect: true, strictFileInteractability: false, timeouts: {implicit: 0, pageLoad: 300000, script: 30000}, unhandledPromptBehavior: dismiss and notify}
Session ID: 44b883e2-1222-4e99-9eaa-6d44e82704d0
	at org.openqa.selenium.remote.http.W3CHttpResponseCodec.createException(W3CHttpResponseCodec.java:187)
	at org.openqa.selenium.remote.http.W3CHttpResponseCodec.decode(W3CHttpResponseCodec.java:122)
	at org.openqa.selenium.remote.http.W3CHttpResponseCodec.decode(W3CHttpResponseCodec.java:49)
	at org.openqa.selenium.remote.HttpCommandExecutor.execute(HttpCommandExecutor.java:158)
	at org.openqa.selenium.remote.service.DriverCommandExecutor.execute(DriverCommandExecutor.java:83)
	at org.openqa.selenium.remote.RemoteWebDriver.execute(RemoteWebDriver.java:552)
	at org.openqa.selenium.remote.RemoteWebDriver.execute(RemoteWebDriver.java:609)
	at org.openqa.selenium.remote.RemoteWebDriver.close(RemoteWebDriver.java:442)
	at Automation.Assignments.Base.closeDriver(Base.java:29)
	at Automation.Assignments.Registraion.after(Registraion.java:86)
	at java.util.concurrent.FutureTask.run(FutureTask.java:266)
	at java.util.concurrent.ThreadPoolExecutor.runWorker(ThreadPoolExecutor.java:1149)
	at java.util.concurrent.ThreadPoolExecutor$Worker.run(ThreadPoolExecutor.java:624)
	at java.lang.Thread.run(Thread.java:748)
... Removed 22 stack frames]]>
    </failure>
  </testcase> <!-- @AfterMethod after -->
  <testcase name="@BeforeMethod beforeM" time="0.0" classname="Automation.Assignments.Registraion">
    <skipped/>
  </testcase> <!-- @BeforeMethod beforeM -->
  <testcase name="@AfterMethod after" time="0.0" classname="Automation.Assignments.Registraion">
    <skipped/>
  </testcase> <!-- @AfterMethod after -->
  <testcase name="@BeforeMethod beforeM" time="0.0" classname="Automation.Assignments.Registraion">
    <skipped/>
  </testcase> <!-- @BeforeMethod beforeM -->
  <testcase name="@AfterMethod after" time="0.0" classname="Automation.Assignments.Registraion">
    <skipped/>
  </testcase> <!-- @AfterMethod after -->
  <testcase name="@BeforeMethod beforeM" time="0.0" classname="Automation.Assignments.Registraion">
    <skipped/>
  </testcase> <!-- @BeforeMethod beforeM -->
  <testcase name="@AfterMethod after" time="0.0" classname="Automation.Assignments.Registraion">
    <skipped/>
  </testcase> <!-- @AfterMethod after -->
  <testcase name="display" time="8.578" classname="Automation.Assignments.Registraion"/>
  <testcase name="display" time="0.01" classname="Automation.Assignments.Registraion">
    <skipped/>
  </testcase> <!-- display -->
  <testcase name="display" time="0.005" classname="Automation.Assignments.Registraion">
    <skipped/>
  </testcase> <!-- display -->
  <testcase name="display" time="0.008" classname="Automation.Assignments.Registraion">
    <skipped/>
  </testcase> <!-- display -->
</testsuite> <!-- FireFoxTest -->
